build/app/intermediates/manifest_merge_blame_file/debug/manifest-merger-blame-debug-report.txt
1<?xml version="1.0" encoding="utf-8"?>
2<manifest xmlns:android="http://schemas.android.com/apk/res/android"
3    package="com.example.app"
4    android:versionCode="1"
5    android:versionName="1.0.0" >
6
7    <uses-sdk
8        android:minSdkVersion="16"
9        android:targetSdkVersion="30" />
10    <!--
11         Flutter needs it to communicate with the running application
12         to allow setting breakpoints, to provide hot reload, etc.
13    -->
14    <uses-permission android:name="android.permission.INTERNET" />
14-->src/debug/AndroidManifest.xml:6:5-66
14-->src/debug/AndroidManifest.xml:6:22-64
15
16    <application
16-->src/main/AndroidManifest.xml:4:2-51:20
17        android:appComponentFactory="androidx.core.app.CoreComponentFactory"
17-->[androidx.core:core:1.1.0] AndroidManifest.xml:24:18-86
18        android:debuggable="true"
19        android:icon="@mipmap/ic_launcher"
19-->src/main/AndroidManifest.xml:6:3-37
20        android:label="app" >
20-->src/main/AndroidManifest.xml:5:3-22
21        <provider
22            android:name="androidx.core.content.FileProvider"
23            android:authorities="com.example.app.com.shekarmudaliyar.social_share"
24            android:exported="false"
25            android:grantUriPermissions="true" >
26            <meta-data
27                android:name="android.support.FILE_PROVIDER_PATHS"
28                android:resource="@xml/filepaths" />
29        </provider>
30
31        <activity
31-->src/main/AndroidManifest.xml:17:3-45:14
32            android:name="com.example.app.MainActivity"
32-->src/main/AndroidManifest.xml:18:4-32
33            android:configChanges="orientation|keyboardHidden|keyboard|screenSize|smallestScreenSize|locale|layoutDirection|fontScale|screenLayout|density|uiMode"
33-->src/main/AndroidManifest.xml:21:4-154
34            android:hardwareAccelerated="true"
34-->src/main/AndroidManifest.xml:22:4-38
35            android:launchMode="singleTop"
35-->src/main/AndroidManifest.xml:19:4-34
36            android:theme="@style/LaunchTheme"
36-->src/main/AndroidManifest.xml:20:4-38
37            android:windowSoftInputMode="adjustResize" >
37-->src/main/AndroidManifest.xml:23:4-46
38
39            <!--
40            Specifies an Android theme to apply to this Activity as soon as
41				the Android process has started. This theme is visible to the user
42				while the Flutter UI initializes. After that, this theme continues
43			to determine the Window background behind the Flutter UI.
44            -->
45            <meta-data
45-->src/main/AndroidManifest.xml:28:4-31:6
46                android:name="io.flutter.embedding.android.NormalTheme"
46-->src/main/AndroidManifest.xml:29:5-60
47                android:resource="@style/NormalTheme" />
47-->src/main/AndroidManifest.xml:30:5-42
48            <!--
49            Displays an Android View that continues showing the launch screen
50				Drawable until Flutter paints its first frame, then this splash
51				screen fades out. A splash screen is useful to avoid any visual
52				gap between the end of Android's launch screen and the painting of
53			Flutter's first frame.
54            -->
55            <meta-data
55-->src/main/AndroidManifest.xml:37:4-40:6
56                android:name="io.flutter.embedding.android.SplashScreenDrawable"
56-->src/main/AndroidManifest.xml:38:5-69
57                android:resource="@drawable/launch_background" />
57-->src/main/AndroidManifest.xml:39:5-51
58
59            <intent-filter>
59-->src/main/AndroidManifest.xml:41:4-44:20
60                <action android:name="android.intent.action.MAIN" />
60-->src/main/AndroidManifest.xml:42:5-56
60-->src/main/AndroidManifest.xml:42:13-54
61
62                <category android:name="android.intent.category.LAUNCHER" />
62-->src/main/AndroidManifest.xml:43:5-64
62-->src/main/AndroidManifest.xml:43:15-62
63            </intent-filter>
64        </activity>
65        <!--
66        Don't delete the meta-data below.
67		This is used by the Flutter tool to generate GeneratedPluginRegistrant.java
68        -->
69        <meta-data
69-->src/main/AndroidManifest.xml:48:3-50:24
70            android:name="flutterEmbedding"
70-->src/main/AndroidManifest.xml:49:4-35
71            android:value="2" />
71-->src/main/AndroidManifest.xml:50:4-21
72    </application>
73
74</manifest>